2025-07-27 22:45:09,559 [INFO] Activator:176 - 


2025-07-27 22:45:09,561 [INFO] Activator:177 - !SESSION log4j initialized
2025-07-27 22:45:12,513 [INFO] LogOutputStream:77 - [STDOUT_REDIRECT] 
2025-07-27 22:45:14,145 [INFO] ApplicationProperties:184 - Using Application install path: C:\ST\STM32CubeIDE_1.18.0\STM32CubeIDE\plugins\com.st.stm32cube.common.mx_6.15.0.202507011659
2025-07-27 22:45:14,163 [INFO] DbMcusXml:78 - Set database path to: C:\ST\STM32CubeIDE_1.18.0\STM32CubeIDE\plugins\com.st.stm32cube.common.mx_6.15.0.202507011659\\db\/mcu/
2025-07-27 22:45:14,163 [INFO] ApiDb:274 - Set plugin database path to: C:\ST\STM32CubeIDE_1.18.0\STM32CubeIDE\plugins\com.st.stm32cube.common.mx_6.15.0.202507011659\\db\/plugins/boardmanager/
2025-07-27 22:45:14,223 [WARN] ApiDb:259 - Overriding images path with different value:  => C:\ST\STM32CubeIDE_1.18.0\STM32CubeIDE\plugins\com.st.stm32cube.common.mx_6.15.0.202507011659\\db\/plugins/mcufinder/images/
2025-07-27 22:45:14,229 [INFO] ApiDb:250 - Set database path to: C:\Users\HTSANG\.stmcufinder\plugins\mcufinder//mcu/
2025-07-27 22:45:14,230 [INFO] DbMcusAds:125 - Set database path to: C:\Users\HTSANG\.stmcufinder\plugins\mcufinder//mcu/
2025-07-27 22:45:14,232 [INFO] CrossReferenceDbSqlite:203 - Set database path to: C:\Users\HTSANG\.stmcufinder\plugins\mcufinder//mcu/cs/
2025-07-27 22:45:14,322 [INFO] RulesReader:64 - Compatibility file has been processed (317 Rules)
2025-07-27 22:45:14,441 [INFO] DbMcusXml:78 - Set database path to: C:\ST\STM32CubeIDE_1.18.0\STM32CubeIDE\plugins\com.st.stm32cube.common.mx_6.15.0.202507011659\\db\/mcu/
2025-07-27 22:45:14,441 [INFO] ApiDb:274 - Set plugin database path to: C:\ST\STM32CubeIDE_1.18.0\STM32CubeIDE\plugins\com.st.stm32cube.common.mx_6.15.0.202507011659\\db\/plugins/boardmanager/
2025-07-27 22:45:14,441 [INFO] ApiDb:261 - Set plugin images path to: C:\ST\STM32CubeIDE_1.18.0\STM32CubeIDE\plugins\com.st.stm32cube.common.mx_6.15.0.202507011659\\db\/plugins/mcufinder/images/
2025-07-27 22:45:14,441 [WARN] DbFile:41 - Overriding database path with different value: C:\Users\HTSANG\.stmcufinder\plugins\mcufinder/ => C:\Users\HTSANG\.stmcufinder\plugins\mcufinder
2025-07-27 22:45:14,441 [INFO] ApiDb:250 - Set database path to: C:\Users\HTSANG\.stmcufinder\plugins\mcufinder//mcu/
2025-07-27 22:45:14,442 [WARN] DbFile:41 - Overriding database path with different value: C:\Users\HTSANG\.stmcufinder\plugins\mcufinder/ => C:\Users\HTSANG\.stmcufinder\plugins\mcufinder
2025-07-27 22:45:14,442 [INFO] DbMcusAds:125 - Set database path to: C:\Users\HTSANG\.stmcufinder\plugins\mcufinder//mcu/
2025-07-27 22:45:14,442 [WARN] DbFile:41 - Overriding database path with different value: C:\Users\HTSANG\.stmcufinder\plugins\mcufinder/ => C:\Users\HTSANG\.stmcufinder\plugins\mcufinder
2025-07-27 22:45:14,442 [WARN] DbFile:41 - Overriding database path with different value: C:\Users\HTSANG\.stmcufinder\plugins\mcufinder/ => C:\Users\HTSANG\.stmcufinder\plugins\mcufinder
2025-07-27 22:45:14,442 [INFO] CrossReferenceDbSqlite:203 - Set database path to: C:\Users\HTSANG\.stmcufinder\plugins\mcufinder//mcu/cs/
2025-07-27 22:45:14,492 [INFO] MainPanel:274 - HeapMemory: 268435456
2025-07-27 22:45:14,552 [INFO] DbMcusXml:78 - Set database path to: C:\ST\STM32CubeIDE_1.18.0\STM32CubeIDE\plugins\com.st.stm32cube.common.mx_6.15.0.202507011659\\db\/mcu/
2025-07-27 22:45:14,552 [INFO] ApiDb:274 - Set plugin database path to: C:\ST\STM32CubeIDE_1.18.0\STM32CubeIDE\plugins\com.st.stm32cube.common.mx_6.15.0.202507011659\\db\/plugins/boardmanager/
2025-07-27 22:45:14,552 [INFO] ApiDb:261 - Set plugin images path to: C:\ST\STM32CubeIDE_1.18.0\STM32CubeIDE\plugins\com.st.stm32cube.common.mx_6.15.0.202507011659\\db\/plugins/mcufinder/images/
2025-07-27 22:45:14,552 [WARN] DbFile:41 - Overriding database path with different value: C:\Users\HTSANG\.stmcufinder\plugins\mcufinder/ => C:\Users\HTSANG\.stmcufinder\plugins\mcufinder
2025-07-27 22:45:14,552 [INFO] ApiDb:250 - Set database path to: C:\Users\HTSANG\.stmcufinder\plugins\mcufinder//mcu/
2025-07-27 22:45:14,553 [WARN] DbFile:41 - Overriding database path with different value: C:\Users\HTSANG\.stmcufinder\plugins\mcufinder/ => C:\Users\HTSANG\.stmcufinder\plugins\mcufinder
2025-07-27 22:45:14,553 [INFO] DbMcusAds:125 - Set database path to: C:\Users\HTSANG\.stmcufinder\plugins\mcufinder//mcu/
2025-07-27 22:45:14,553 [WARN] DbFile:41 - Overriding database path with different value: C:\Users\HTSANG\.stmcufinder\plugins\mcufinder/ => C:\Users\HTSANG\.stmcufinder\plugins\mcufinder
2025-07-27 22:45:14,553 [WARN] DbFile:41 - Overriding database path with different value: C:\Users\HTSANG\.stmcufinder\plugins\mcufinder/ => C:\Users\HTSANG\.stmcufinder\plugins\mcufinder
2025-07-27 22:45:14,553 [INFO] CrossReferenceDbSqlite:203 - Set database path to: C:\Users\HTSANG\.stmcufinder\plugins\mcufinder//mcu/cs/
2025-07-27 22:45:14,587 [INFO] ApplicationProperties:184 - Using Application install path: C:\ST\STM32CubeIDE_1.18.0\STM32CubeIDE\plugins\com.st.stm32cube.common.mx_6.15.0.202507011659
2025-07-27 22:45:14,588 [INFO] PluginManage:196 - Search for loadable plugins [exclusion list=, ]
2025-07-27 22:45:14,589 [INFO] PluginManage:310 - Check plugin analytics
2025-07-27 22:45:14,774 [INFO] AnalyticsPlugin:253 - Accepted Software Licenses: 
2025-07-27 22:45:14,774 [INFO] AnalyticsPlugin:255 - Accepted CMSIS Pack Licenses: 
2025-07-27 22:45:14,774 [INFO] AnalyticsPlugin:257 - Accepted Firmware Licenses: FW.F4.1.28.0,FW.F7.1.17.0
2025-07-27 22:45:14,776 [INFO] PluginManage:359 - Loaded plugin analytics (category:tool,tabindex:-1)
2025-07-27 22:45:14,776 [INFO] PluginManage:310 - Check plugin cadmodel
2025-07-27 22:45:14,779 [INFO] CADModel:105 - Init CAD model plugin
2025-07-27 22:45:14,779 [INFO] PluginManage:359 - Loaded plugin cadmodel (category:power,tabindex:5)
2025-07-27 22:45:14,779 [INFO] PluginManage:310 - Check plugin clock
2025-07-27 22:45:14,784 [INFO] PluginManage:359 - Loaded plugin clock (category:base,tabindex:2)
2025-07-27 22:45:14,784 [INFO] PluginManage:310 - Check plugin ddr
2025-07-27 22:45:14,785 [INFO] PluginManage:359 - Loaded plugin ddr (category:tool,tabindex:6)
2025-07-27 22:45:14,785 [INFO] PluginManage:310 - Check plugin filemanager
2025-07-27 22:45:14,959 [INFO] PluginManage:359 - Loaded plugin filemanager (category:base,tabindex:10)
2025-07-27 22:45:14,959 [INFO] PluginManage:310 - Check plugin ipmanager
2025-07-27 22:45:14,963 [INFO] PluginManage:359 - Loaded plugin ipmanager (category:base,tabindex:5)
2025-07-27 22:45:14,964 [INFO] PluginManage:310 - Check plugin lpbam
2025-07-27 22:45:14,970 [INFO] PluginManage:359 - Loaded plugin lpbam (category:base,tabindex:0)
2025-07-27 22:45:14,970 [INFO] PluginManage:310 - Check plugin memorymap
2025-07-27 22:45:14,982 [INFO] PluginManage:359 - Loaded plugin memorymap (category:base,tabindex:4)
2025-07-27 22:45:14,982 [INFO] PluginManage:310 - Check plugin pinoutandconfiguration
2025-07-27 22:45:14,987 [INFO] PluginManage:359 - Loaded plugin pinoutandconfiguration (category:base,tabindex:1)
2025-07-27 22:45:14,987 [INFO] PluginManage:310 - Check plugin pinoutconfig
2025-07-27 22:45:15,116 [WARN] SupportedApi:132 - Cannot load RTOS API schema: s4s-elt-must-match.1: The content of 'definitions' must match (annotation?, (simpleType | complexType)?, (unique | key | keyref)*)). A problem was found starting at: attribute.
2025-07-27 22:45:15,239 [INFO] PluginManage:359 - Loaded plugin pinoutconfig (category:base,tabindex:0)
2025-07-27 22:45:15,240 [INFO] PluginManage:310 - Check plugin power
2025-07-27 22:45:15,244 [INFO] PluginManage:359 - Loaded plugin power (category:power,tabindex:4)
2025-07-27 22:45:15,244 [INFO] PluginManage:310 - Check plugin projectmanager
2025-07-27 22:45:15,258 [INFO] PluginManage:359 - Loaded plugin projectmanager (category:projectmanager,tabindex:4)
2025-07-27 22:45:15,258 [INFO] PluginManage:310 - Check plugin rif
2025-07-27 22:45:15,263 [INFO] PluginManage:359 - Loaded plugin rif (category:base,tabindex:3)
2025-07-27 22:45:15,264 [INFO] PluginManage:310 - Check plugin thirdparty
2025-07-27 22:45:15,375 [WARN] IntegrityCheckThread:84 - waiting for thirdparty lock release [integrity check]
2025-07-27 22:45:15,375 [INFO] IntegrityCheckThread:86 - entering critical section [integrity check]
2025-07-27 22:45:15,376 [INFO] ThirdPartyUpdaterWithRetryManager:70 - Updater plugin not ready yet. [1/15]
2025-07-27 22:45:15,376 [INFO] PluginManage:359 - Loaded plugin thirdparty (category:base,tabindex:-1)
2025-07-27 22:45:15,377 [INFO] PluginManage:310 - Check plugin tools
2025-07-27 22:45:15,378 [INFO] PluginManage:359 - Loaded plugin tools (category:base,tabindex:7)
2025-07-27 22:45:15,379 [INFO] PluginManage:310 - Check plugin tutovideos
2025-07-27 22:45:15,508 [INFO] PluginManage:359 - Loaded plugin tutovideos (category:base,tabindex:-1)
2025-07-27 22:45:15,508 [INFO] PluginManage:310 - Check plugin updater
2025-07-27 22:45:15,536 [INFO] PluginManage:359 - Loaded plugin updater (category:base,tabindex:12)
2025-07-27 22:45:15,537 [INFO] PluginManage:310 - Check plugin userauth
2025-07-27 22:45:15,540 [INFO] UserAuth:118 - Init User Auth plugin
2025-07-27 22:45:15,541 [INFO] PluginManage:359 - Loaded plugin userauth (category:base,tabindex:14)
2025-07-27 22:45:15,541 [INFO] PluginManage:283 - PluginManage : Loaded plugins [18]
2025-07-27 22:45:15,754 [INFO] PinOutPanel:1589 - setPackage(No Configuration,No Configuration)
2025-07-27 22:45:15,809 [INFO] CADModel:165 - CPN selected for project level
2025-07-27 22:45:15,809 [INFO] CADModel:114 - Register for checkConnection events
2025-07-27 22:45:15,821 [INFO] IPUIPlugin:80 - create IPUIPlugin
2025-07-27 22:45:15,821 [INFO] PluginManager:220 - loadIPPluginJar : add adc
2025-07-27 22:45:15,823 [INFO] IPUIPlugin:80 - create IPUIPlugin
2025-07-27 22:45:15,823 [INFO] PluginManager:220 - loadIPPluginJar : add aes
2025-07-27 22:45:15,825 [INFO] IPUIPlugin:80 - create IPUIPlugin
2025-07-27 22:45:15,825 [INFO] PluginManager:220 - loadIPPluginJar : add can
2025-07-27 22:45:15,828 [INFO] IPUIPlugin:80 - create IPUIPlugin
2025-07-27 22:45:15,828 [INFO] PluginManager:220 - loadIPPluginJar : add comp
2025-07-27 22:45:15,829 [INFO] IPUIPlugin:80 - create IPUIPlugin
2025-07-27 22:45:15,830 [INFO] PluginManager:220 - loadIPPluginJar : add cryp
2025-07-27 22:45:15,831 [INFO] IPUIPlugin:80 - create IPUIPlugin
2025-07-27 22:45:15,831 [INFO] PluginManager:220 - loadIPPluginJar : add ddr_ctrl_phy
2025-07-27 22:45:15,833 [INFO] IPUIPlugin:80 - create IPUIPlugin
2025-07-27 22:45:15,833 [INFO] PluginManager:220 - loadIPPluginJar : add dfsdm
2025-07-27 22:45:15,836 [INFO] IPUIPlugin:80 - create IPUIPlugin
2025-07-27 22:45:15,836 [INFO] PluginManager:220 - loadIPPluginJar : add dma
2025-07-27 22:45:15,838 [INFO] IPUIPlugin:80 - create IPUIPlugin
2025-07-27 22:45:15,838 [INFO] PluginManager:220 - loadIPPluginJar : add dma3
2025-07-27 22:45:15,840 [INFO] IPUIPlugin:80 - create IPUIPlugin
2025-07-27 22:45:15,840 [INFO] PluginManager:220 - loadIPPluginJar : add extmemmanager
2025-07-27 22:45:15,840 [INFO] IPUIPlugin:80 - create IPUIPlugin
2025-07-27 22:45:15,840 [INFO] PluginManager:220 - loadIPPluginJar : add fatfs
2025-07-27 22:45:15,843 [INFO] IPUIPlugin:80 - create IPUIPlugin
2025-07-27 22:45:15,843 [INFO] PluginManager:220 - loadIPPluginJar : add fmc
2025-07-27 22:45:15,848 [INFO] IPUIPlugin:80 - create IPUIPlugin
2025-07-27 22:45:15,848 [INFO] PluginManager:220 - loadIPPluginJar : add freertos
2025-07-27 22:45:15,849 [INFO] IPUIPlugin:80 - create IPUIPlugin
2025-07-27 22:45:15,849 [INFO] PluginManager:220 - loadIPPluginJar : add genericplugin
2025-07-27 22:45:15,851 [INFO] IPUIPlugin:80 - create IPUIPlugin
2025-07-27 22:45:15,851 [INFO] PluginManager:220 - loadIPPluginJar : add gfxmmu
2025-07-27 22:45:15,853 [INFO] IPUIPlugin:80 - create IPUIPlugin
2025-07-27 22:45:15,854 [INFO] PluginManager:220 - loadIPPluginJar : add gic
2025-07-27 22:45:15,856 [INFO] IPUIPlugin:80 - create IPUIPlugin
2025-07-27 22:45:15,856 [INFO] PluginManager:220 - loadIPPluginJar : add gpio
2025-07-27 22:45:15,858 [INFO] IPUIPlugin:80 - create IPUIPlugin
2025-07-27 22:45:15,858 [INFO] PluginManager:220 - loadIPPluginJar : add gtzc
2025-07-27 22:45:15,859 [INFO] IPUIPlugin:80 - create IPUIPlugin
2025-07-27 22:45:15,859 [INFO] PluginManager:220 - loadIPPluginJar : add hash
2025-07-27 22:45:15,861 [INFO] IPUIPlugin:80 - create IPUIPlugin
2025-07-27 22:45:15,861 [INFO] PluginManager:220 - loadIPPluginJar : add i2c
2025-07-27 22:45:15,862 [INFO] IPUIPlugin:80 - create IPUIPlugin
2025-07-27 22:45:15,862 [INFO] PluginManager:220 - loadIPPluginJar : add i2s
2025-07-27 22:45:15,865 [INFO] IPUIPlugin:80 - create IPUIPlugin
2025-07-27 22:45:15,865 [INFO] PluginManager:220 - loadIPPluginJar : add i3c
2025-07-27 22:45:15,867 [INFO] IPUIPlugin:80 - create IPUIPlugin
2025-07-27 22:45:15,867 [INFO] PluginManager:220 - loadIPPluginJar : add ipddr
2025-07-27 22:45:15,871 [INFO] IPUIPlugin:80 - create IPUIPlugin
2025-07-27 22:45:15,871 [INFO] PluginManager:220 - loadIPPluginJar : add linkedlist
2025-07-27 22:45:15,875 [INFO] IPUIPlugin:80 - create IPUIPlugin
2025-07-27 22:45:15,875 [INFO] PluginManager:220 - loadIPPluginJar : add lorawan
2025-07-27 22:45:15,875 [INFO] IPUIPlugin:80 - create IPUIPlugin
2025-07-27 22:45:15,876 [INFO] PluginManager:220 - loadIPPluginJar : add ltdc
2025-07-27 22:45:15,879 [INFO] IPUIPlugin:80 - create IPUIPlugin
2025-07-27 22:45:15,879 [INFO] PluginManager:220 - loadIPPluginJar : add mdma
2025-07-27 22:45:15,881 [INFO] IPUIPlugin:80 - create IPUIPlugin
2025-07-27 22:45:15,881 [INFO] PluginManager:220 - loadIPPluginJar : add nvic
2025-07-27 22:45:15,882 [INFO] IPUIPlugin:80 - create IPUIPlugin
2025-07-27 22:45:15,882 [INFO] PluginManager:220 - loadIPPluginJar : add opamp
2025-07-27 22:45:15,884 [INFO] IPUIPlugin:80 - create IPUIPlugin
2025-07-27 22:45:15,884 [INFO] PluginManager:220 - loadIPPluginJar : add openamp
2025-07-27 22:45:15,886 [INFO] IPUIPlugin:80 - create IPUIPlugin
2025-07-27 22:45:15,886 [INFO] PluginManager:220 - loadIPPluginJar : add pdm2pcm
2025-07-27 22:45:15,890 [INFO] IPUIPlugin:80 - create IPUIPlugin
2025-07-27 22:45:15,893 [INFO] PluginManager:220 - loadIPPluginJar : add plateformsettings
2025-07-27 22:45:15,894 [INFO] IPUIPlugin:80 - create IPUIPlugin
2025-07-27 22:45:15,894 [INFO] PluginManager:220 - loadIPPluginJar : add quadspi
2025-07-27 22:45:15,895 [INFO] IPUIPlugin:80 - create IPUIPlugin
2025-07-27 22:45:15,896 [INFO] PluginManager:220 - loadIPPluginJar : add radio
2025-07-27 22:45:15,898 [INFO] IPUIPlugin:80 - create IPUIPlugin
2025-07-27 22:45:15,898 [INFO] PluginManager:220 - loadIPPluginJar : add resmgrutility
2025-07-27 22:45:15,901 [INFO] IPUIPlugin:80 - create IPUIPlugin
2025-07-27 22:45:15,901 [INFO] PluginManager:220 - loadIPPluginJar : add sai
2025-07-27 22:45:15,903 [INFO] IPUIPlugin:80 - create IPUIPlugin
2025-07-27 22:45:15,903 [INFO] PluginManager:220 - loadIPPluginJar : add spi
2025-07-27 22:45:15,906 [INFO] IPUIPlugin:80 - create IPUIPlugin
2025-07-27 22:45:15,906 [INFO] PluginManager:220 - loadIPPluginJar : add stm32_wpan
2025-07-27 22:45:15,908 [INFO] IPUIPlugin:80 - create IPUIPlugin
2025-07-27 22:45:15,908 [INFO] PluginManager:220 - loadIPPluginJar : add tim
2025-07-27 22:45:15,910 [INFO] IPUIPlugin:80 - create IPUIPlugin
2025-07-27 22:45:15,910 [INFO] PluginManager:220 - loadIPPluginJar : add touchsensing
2025-07-27 22:45:15,911 [INFO] IPUIPlugin:80 - create IPUIPlugin
2025-07-27 22:45:15,911 [INFO] PluginManager:220 - loadIPPluginJar : add tracer_emb
2025-07-27 22:45:15,912 [INFO] IPUIPlugin:80 - create IPUIPlugin
2025-07-27 22:45:15,912 [INFO] PluginManager:220 - loadIPPluginJar : add ts
2025-07-27 22:45:15,914 [INFO] IPUIPlugin:80 - create IPUIPlugin
2025-07-27 22:45:15,914 [INFO] PluginManager:220 - loadIPPluginJar : add tsc
2025-07-27 22:45:15,915 [INFO] IPUIPlugin:80 - create IPUIPlugin
2025-07-27 22:45:15,915 [INFO] PluginManager:220 - loadIPPluginJar : add ucpd
2025-07-27 22:45:15,917 [INFO] IPUIPlugin:80 - create IPUIPlugin
2025-07-27 22:45:15,917 [INFO] PluginManager:220 - loadIPPluginJar : add usart
2025-07-27 22:45:15,920 [INFO] IPUIPlugin:80 - create IPUIPlugin
2025-07-27 22:45:15,920 [INFO] PluginManager:220 - loadIPPluginJar : add usbx
2025-07-27 22:45:16,094 [FATAL] Updater:351 - Updater called before beeing initialized
2025-07-27 22:45:16,108 [INFO] RulesReader:64 - Compatibility file has been processed (317 Rules)
2025-07-27 22:45:16,116 [INFO] RulesReader:64 - Compatibility file has been processed (317 Rules)
2025-07-27 22:45:16,131 [INFO] CADModel:165 - CPN selected for project level
2025-07-27 22:45:16,131 [INFO] CADModel:114 - Register for checkConnection events
2025-07-27 22:45:16,131 [FATAL] Updater:351 - Updater called before beeing initialized
2025-07-27 22:45:16,131 [ERROR] CADModel:125 - Updater not yet initialized, retry later 
2025-07-27 22:45:16,257 [FATAL] Updater:351 - Updater called before beeing initialized
2025-07-27 22:45:16,259 [INFO] CADModel:165 - CPN selected for project level
2025-07-27 22:45:16,259 [INFO] CADModel:114 - Register for checkConnection events
2025-07-27 22:45:16,259 [FATAL] Updater:351 - Updater called before beeing initialized
2025-07-27 22:45:16,259 [ERROR] CADModel:125 - Updater not yet initialized, retry later 
2025-07-27 22:45:16,263 [FATAL] Updater:351 - Updater called before beeing initialized
2025-07-27 22:45:16,339 [FATAL] Updater:351 - Updater called before beeing initialized
2025-07-27 22:45:16,343 [INFO] DbMcusAds:53 - JSON generation date=Thu Sep 30 13:55:09 ICT 2021 (1632984909247)
2025-07-27 22:45:16,344 [FATAL] Updater:351 - Updater called before beeing initialized
2025-07-27 22:45:16,378 [WARN] DetailPanel:346 - Failed to get advertising image, set to default
2025-07-27 22:45:16,451 [FATAL] Updater:351 - Updater called before beeing initialized
2025-07-27 22:45:16,452 [FATAL] Updater:351 - Updater called before beeing initialized
2025-07-27 22:45:16,453 [FATAL] Updater:351 - Updater called before beeing initialized
2025-07-27 22:45:16,453 [WARN] DetailPanel:346 - Failed to get advertising image, set to default
2025-07-27 22:45:16,453 [FATAL] Updater:351 - Updater called before beeing initialized
2025-07-27 22:45:16,552 [ERROR] Updater:1198 - MainUpdater not yet initialized. External WinMGr cannot be set.
2025-07-27 22:45:16,557 [INFO] Updater:1134 - Updater Version found : 6.15.0
2025-07-27 22:45:16,587 [INFO] ApplicationProperties:184 - Using Application install path: C:\ST\STM32CubeIDE_1.18.0\STM32CubeIDE\plugins\com.st.stm32cube.common.mx_6.15.0.202507011659
2025-07-27 22:45:17,125 [INFO] MainUpdater:2872 - connection check result : 10
2025-07-27 22:45:17,126 [INFO] MainUpdater:289 - Updater Check For Update Now.
2025-07-27 22:45:17,126 [INFO] MicroXplorer:498 - Change Database Version : DB.6.0.150
2025-07-27 22:45:17,136 [INFO] McuFinderGlobals:63 - Set McuFinder mode to 2 (CubeIDE integrated)
2025-07-27 22:45:17,137 [INFO] UserAuth:487 - Internet connection configuration mode: 1
2025-07-27 22:45:17,180 [INFO] JxBrowserEngine:152 - Initiate JxBrowser Engine with user profile folder
2025-07-27 22:45:17,308 [INFO] CheckServerUpdateThread:120 - End of CheckServer Thread
2025-07-27 22:45:17,826 [INFO] WebApp:169 - Instantiating new browser for Auth
2025-07-27 22:45:18,360 [INFO] WebApp:463 - Apply proxy settings
2025-07-27 22:45:18,361 [INFO] WebApp:548 - Chromium requires no authentication
2025-07-27 22:45:18,367 [INFO] WebApp:491 - Direct internet connection detected
2025-07-27 22:45:18,412 [INFO] WebApp:900 - Register for checkConnection events
2025-07-27 22:45:18,412 [INFO] WebApp:463 - Apply proxy settings
2025-07-27 22:45:18,412 [INFO] WebApp:548 - Chromium requires no authentication
2025-07-27 22:45:18,412 [INFO] WebApp:491 - Direct internet connection detected
2025-07-27 22:45:18,545 [WARN] PackLoader:240 - Cannot read IP mode file for STMicroelectronics.FP-SNS-MOTENVWB1.1.4.0
2025-07-27 22:45:18,553 [WARN] PackLoader:240 - Cannot read IP mode file for STMicroelectronics.FP-ATR-ASTRA1.2.0.2
2025-07-27 22:45:18,556 [WARN] PackLoader:240 - Cannot read IP mode file for STMicroelectronics.FP-ATR-ASTRA1.2.0.1
2025-07-27 22:45:18,565 [WARN] PackLoader:240 - Cannot read IP mode file for STMicroelectronics.X-CUBE-SMBUS.2.1.0
2025-07-27 22:45:18,573 [WARN] PackLoader:240 - Cannot read IP mode file for STMicroelectronics.X-CUBE-WB05N.1.1.0
2025-07-27 22:45:18,582 [WARN] PackLoader:240 - Cannot read IP mode file for STMicroelectronics.X-CUBE-ST60.1.0.0
2025-07-27 22:45:18,589 [WARN] PackLoader:240 - Cannot read IP mode file for STMicroelectronics.X-CUBE-TOUCHGFX.4.23.2
2025-07-27 22:45:18,604 [INFO] WebApp:191 - Connection restablished
2025-07-27 22:45:18,631 [WARN] PackLoader:240 - Cannot read IP mode file for STMicroelectronics.X-CUBE-AZRTOS-F7.1.1.0
2025-07-27 22:45:18,734 [WARN] PackLoader:240 - Cannot read IP mode file for STMicroelectronics.X-CUBE-MEMS1.11.0.0
2025-07-27 22:45:18,946 [WARN] PackLoader:240 - Cannot read IP mode file for STMicroelectronics.FP-SNS-FLIGHT1.5.0.2
2025-07-27 22:45:18,961 [INFO] WebApp:225 - Starting web application
2025-07-27 22:45:18,963 [INFO] WebApp:593 - Web application path used C:\ST\STM32CubeIDE_1.18.0\STM32CubeIDE\plugins\com.st.stm32cube.common.mx_6.15.0.202507011659\db\plugins\mcufinder\reactClient1\index.html
2025-07-27 22:45:19,000 [WARN] PackLoader:240 - Cannot read IP mode file for STMicroelectronics.X-CUBE-AZRTOS-H7.3.4.0
2025-07-27 22:45:19,013 [WARN] PackLoader:240 - Cannot read IP mode file for STMicroelectronics.X-CUBE-DISPLAY.3.0.0
2025-07-27 22:45:19,053 [WARN] PackLoader:240 - Cannot read IP mode file for STMicroelectronics.X-CUBE-BLE1.7.0.0
2025-07-27 22:45:19,078 [WARN] PackLoader:240 - Cannot read IP mode file for STMicroelectronics.X-CUBE-NFC10.1.0.0
2025-07-27 22:45:19,088 [WARN] PackLoader:240 - Cannot read IP mode file for STMicroelectronics.X-CUBE-BLEMGR.4.0.0
2025-07-27 22:45:19,098 [WARN] PackLoader:240 - Cannot read IP mode file for emotas.I-CUBE-CANOPEN.1.3.0
2025-07-27 22:45:19,109 [WARN] PackLoader:240 - Cannot read IP mode file for STMicroelectronics.X-CUBE-BLEMGR.3.1.0
2025-07-27 22:45:19,117 [WARN] PackLoader:240 - Cannot read IP mode file for STMicroelectronics.X-CUBE-AI.10.0.0
2025-07-27 22:45:19,150 [WARN] PackLoader:240 - Cannot read IP mode file for STMicroelectronics.FP-SNS-SMARTAG2.1.2.0
2025-07-27 22:45:19,156 [WARN] PackLoader:240 - Cannot read IP mode file for STMicroelectronics.FP-SNS-FLIGHT1.5.1.0
2025-07-27 22:45:19,175 [INFO] UserAuth:487 - Internet connection configuration mode: 1
2025-07-27 22:45:19,202 [WARN] PackLoader:240 - Cannot read IP mode file for STMicroelectronics.X-CUBE-MEMS1.11.1.0
2025-07-27 22:45:19,458 [INFO] LogOutputStream:77 - [STDOUT_REDIRECT] 1 : Invalid condition id : UX_CORESTACK_Condition cause : null
2025-07-27 22:45:19,459 [INFO] LogOutputStream:77 - [STDOUT_REDIRECT] 1 : Invalid condition id : UX_CORESTACK_Condition cause : null
2025-07-27 22:45:19,459 [INFO] LogOutputStream:77 - [STDOUT_REDIRECT] 1 : Invalid condition id : UX_CORESTACK_Condition cause : null
2025-07-27 22:45:19,461 [INFO] LogOutputStream:77 - [STDOUT_REDIRECT] 1 : Invalid condition id : UX_CORESTACK_Condition cause : null
2025-07-27 22:45:19,463 [INFO] LogOutputStream:77 - [STDOUT_REDIRECT] 1 : Invalid condition id : UX_CORESTACK_Condition cause : null
2025-07-27 22:45:19,466 [WARN] PackLoader:240 - Cannot read IP mode file for STMicroelectronics.X-CUBE-AZRTOS-WL.2.0.0
2025-07-27 22:45:19,472 [WARN] PackLoader:240 - Cannot read IP mode file for STMicroelectronics.FP-SNS-MOTENV1.5.0.0
2025-07-27 22:45:19,476 [WARN] PackLoader:240 - Cannot read IP mode file for wolfSSL.I-CUBE-wolfMQTT.1.19.0
2025-07-27 22:45:19,484 [WARN] PackLoader:240 - Cannot read IP mode file for WES.I-CUBE-Cesium.1.3.0
2025-07-27 22:45:19,489 [WARN] PackLoader:240 - Cannot read IP mode file for STMicroelectronics.X-CUBE-BLE2.3.3.0
2025-07-27 22:45:19,496 [WARN] PackLoader:240 - Cannot read IP mode file for STMicroelectronics.X-CUBE-NFC9.1.0.0
2025-07-27 22:45:19,499 [WARN] PackLoader:240 - Cannot read IP mode file for STMicroelectronics.X-CUBE-BLE1.7.1.0
2025-07-27 22:45:19,506 [WARN] PackLoader:240 - Cannot read IP mode file for STMicroelectronics.X-CUBE-TCPP.4.1.0
2025-07-27 22:45:19,533 [WARN] PackLoader:240 - Cannot read IP mode file for STMicroelectronics.X-CUBE-EEPRMA1.5.2.0
2025-07-27 22:45:19,537 [WARN] PackLoader:240 - Cannot read IP mode file for STMicroelectronics.X-CUBE-AI.10.1.0
2025-07-27 22:45:19,559 [WARN] PackLoader:240 - Cannot read IP mode file for STMicroelectronics.X-CUBE-MEMS1.11.2.0
2025-07-27 22:45:19,672 [WARN] PackLoader:240 - Cannot read IP mode file for STMicroelectronics.X-CUBE-AZRTOS-G0.1.1.0
2025-07-27 22:45:19,702 [WARN] PackLoader:240 - Cannot read IP mode file for STMicroelectronics.X-CUBE-SAFEA1.1.2.2
2025-07-27 22:45:19,718 [WARN] PackLoader:240 - Cannot read IP mode file for STMicroelectronics.X-CUBE-NFC4.3.0.0
2025-07-27 22:45:19,728 [WARN] PackLoader:240 - Cannot read IP mode file for EmbeddedOffice.I-CUBE-FS-RTOS.1.0.1
2025-07-27 22:45:19,732 [WARN] PackLoader:240 - Cannot read IP mode file for STMicroelectronics.X-CUBE-WB05N.2.0.0
2025-07-27 22:45:19,736 [WARN] PackLoader:240 - Cannot read IP mode file for STMicroelectronics.X-CUBE-TCPP.4.2.0
2025-07-27 22:45:19,740 [WARN] PackLoader:240 - Cannot read IP mode file for RealThread.X-CUBE-RT-Thread_Nano.4.1.1
2025-07-27 22:45:19,743 [WARN] PackLoader:240 - Cannot read IP mode file for wolfSSL.I-CUBE-wolfSSL.5.7.0
2025-07-27 22:45:19,749 [WARN] PackLoader:240 - Cannot read IP mode file for STMicroelectronics.FP-ATR-SIGFOX1.3.2.0
2025-07-27 22:45:19,753 [WARN] ConditionMgr:438 - getConditionDescription Invalid condition id : Cortex-A Device cause : null
2025-07-27 22:45:19,773 [WARN] ConditionMgr:1044 - genDependencies : Invalid condition id : Cortex-A Device cause : null
2025-07-27 22:45:19,775 [WARN] ConditionMgr:1044 - genDependencies : Invalid condition id : Cortex-A Device cause : null
2025-07-27 22:45:19,776 [WARN] ConditionMgr:1044 - genDependencies : Invalid condition id : Cortex-A Device cause : null
2025-07-27 22:45:19,801 [WARN] PackLoader:240 - Cannot read IP mode file for STMicroelectronics.X-CUBE-EEPRMA1.5.1.0
2025-07-27 22:45:19,818 [WARN] PackLoader:240 - Cannot read IP mode file for ITTIA_DB.I-CUBE-ITTIADB.8.9.0
2025-07-27 22:45:19,824 [WARN] PackLoader:240 - Cannot read IP mode file for STMicroelectronics.X-CUBE-ST67W61.1.0.0
2025-07-27 22:45:19,845 [WARN] PackLoader:240 - Cannot read IP mode file for SEGGER.I-CUBE-embOS.1.3.1
2025-07-27 22:45:19,872 [WARN] PackLoader:240 - Cannot read IP mode file for STMicroelectronics.X-CUBE-ALGOBUILD.1.4.0
2025-07-27 22:45:19,920 [WARN] PackLoader:240 - Cannot read IP mode file for STMicroelectronics.X-CUBE-MEMS1.11.3.0
2025-07-27 22:45:20,109 [WARN] PackLoader:240 - Cannot read IP mode file for STMicroelectronics.X-CUBE-AI.9.1.0
2025-07-27 22:45:20,112 [WARN] PackLoader:240 - Cannot read IP mode file for STMicroelectronics.X-CUBE-PM33A1.1.0.0
2025-07-27 22:45:20,116 [WARN] PackLoader:240 - Cannot read IP mode file for STMicroelectronics.X-CUBE-GNSS1.6.0.0
2025-07-27 22:45:20,128 [WARN] PackLoader:240 - Cannot read IP mode file for STMicroelectronics.X-CUBE-AZRTOS-F4.1.1.0
2025-07-27 22:45:20,135 [WARN] PackLoader:240 - Cannot read IP mode file for Avnet-IotConnect.X-CUBE-IoTC-DA16k-PMOD.1.0.0
2025-07-27 22:45:20,139 [WARN] PackLoader:240 - Cannot read IP mode file for STMicroelectronics.X-CUBE-ISPU.2.1.0
2025-07-27 22:45:20,145 [WARN] PackLoader:240 - Cannot read IP mode file for STMicroelectronics.X-CUBE-FREERTOS.1.2.0
2025-07-27 22:45:20,153 [WARN] PackLoader:240 - Cannot read IP mode file for STMicroelectronics.X-CUBE-NFC12.1.0.0
2025-07-27 22:45:20,187 [WARN] PackLoader:240 - Cannot read IP mode file for STMicroelectronics.X-CUBE-AZRTOS-L5.2.0.0
2025-07-27 22:45:20,197 [WARN] PackLoader:240 - Cannot read IP mode file for STMicroelectronics.X-CUBE-NFC6.3.1.0
2025-07-27 22:45:20,202 [WARN] PackLoader:240 - Cannot read IP mode file for STMicroelectronics.X-CUBE-DPower.1.2.0
2025-07-27 22:45:20,204 [WARN] PackLoader:240 - Cannot read IP mode file for STMicroelectronics.X-CUBE-AI.9.0.0
2025-07-27 22:45:20,208 [WARN] PackLoader:240 - Cannot read IP mode file for STMicroelectronics.X-CUBE-FREERTOS.1.3.1
2025-07-27 22:45:20,211 [WARN] PackLoader:240 - Cannot read IP mode file for STMicroelectronics.X-CUBE-FREERTOS.1.3.0
2025-07-27 22:45:20,215 [WARN] PackLoader:240 - Cannot read IP mode file for STMicroelectronics.X-CUBE-NFC7.1.0.1
2025-07-27 22:45:20,217 [WARN] PackLoader:240 - Cannot read IP mode file for wolfSSL.I-CUBE-wolfTPM.3.2.0
2025-07-27 22:45:20,221 [WARN] PackLoader:240 - Cannot read IP mode file for STMicroelectronics.FP-SNS-STAIOTCFT.1.0.0
2025-07-27 22:45:20,225 [WARN] PackLoader:240 - Cannot read IP mode file for STMicroelectronics.X-CUBE-DPower.1.3.0
2025-07-27 22:45:20,231 [WARN] ConditionMgr:438 - getConditionDescription Invalid condition id : LAN8742 Phy interface Condition cause : null
2025-07-27 22:45:20,232 [WARN] PackLoader:240 - Cannot read IP mode file for STMicroelectronics.X-CUBE-AZRTOS-L4.2.0.0
2025-07-27 22:45:20,233 [WARN] ConditionMgr:1044 - genDependencies : Invalid condition id : LAN8742 Phy interface Condition cause : null
2025-07-27 22:45:20,233 [WARN] ConditionMgr:1044 - genDependencies : Invalid condition id : LAN8742 Phy interface Condition cause : null
2025-07-27 22:45:20,234 [WARN] ConditionMgr:1044 - genDependencies : Invalid condition id : LAN8742 Phy interface Condition cause : null
2025-07-27 22:45:20,254 [WARN] PackLoader:240 - Cannot read IP mode file for STMicroelectronics.X-CUBE-SFXS2LP1.4.0.0
2025-07-27 22:45:20,265 [WARN] PackLoader:240 - Cannot read IP mode file for STMicroelectronics.X-CUBE-AZRTOS-H7.3.3.0
2025-07-27 22:45:20,273 [WARN] PackLoader:240 - Cannot read IP mode file for STMicroelectronics.X-CUBE-BLEMGR.4.1.0
2025-07-27 22:45:20,281 [WARN] PackLoader:240 - Cannot read IP mode file for STMicroelectronics.X-CUBE-IPS.3.0.0
2025-07-27 22:45:20,296 [WARN] ConditionMgr:438 - getConditionDescription Invalid condition id : UX DEVICE CLASS RTOS Condition cause : null
2025-07-27 22:45:20,297 [WARN] ConditionMgr:438 - getConditionDescription Invalid condition id : UX DEVICE CLASS RTOS Condition cause : null
2025-07-27 22:45:20,299 [WARN] PackLoader:240 - Cannot read IP mode file for STMicroelectronics.X-CUBE-AZRTOS-WB.2.0.0
2025-07-27 22:45:20,300 [WARN] ConditionMgr:1044 - genDependencies : Invalid condition id : UX DEVICE CLASS RTOS Condition cause : null
2025-07-27 22:45:20,300 [WARN] ConditionMgr:1044 - genDependencies : Invalid condition id : UX DEVICE CLASS RTOS Condition cause : null
2025-07-27 22:45:20,300 [WARN] ConditionMgr:1044 - genDependencies : Invalid condition id : UX DEVICE CLASS RTOS Condition cause : null
2025-07-27 22:45:20,300 [WARN] ConditionMgr:1044 - genDependencies : Invalid condition id : UX DEVICE CLASS RTOS Condition cause : null
2025-07-27 22:45:20,301 [WARN] ConditionMgr:1044 - genDependencies : Invalid condition id : UX DEVICE CLASS RTOS Condition cause : null
2025-07-27 22:45:20,306 [WARN] PackLoader:240 - Cannot read IP mode file for STMicroelectronics.X-CUBE-GNSS1.7.0.0
2025-07-27 22:45:20,311 [WARN] PackLoader:240 - Cannot read IP mode file for STMicroelectronics.X-CUBE-GNSS1.7.0.1
2025-07-27 22:45:20,313 [WARN] PackLoader:240 - Cannot read IP mode file for STMicroelectronics.X-CUBE-TOUCHGFX.4.25.0
2025-07-27 22:45:20,317 [WARN] PackLoader:240 - Cannot read IP mode file for STMicroelectronics.FP-SNS-STBOX1.2.0.0
2025-07-27 22:45:20,333 [WARN] PackLoader:240 - Cannot read IP mode file for STMicroelectronics.X-CUBE-SUBG2.5.0.0
2025-07-27 22:45:20,342 [WARN] PackLoader:240 - Cannot read IP mode file for STMicroelectronics.X-CUBE-AZRTOS-H7RS.1.1.0
2025-07-27 22:45:20,349 [WARN] PackLoader:240 - Cannot read IP mode file for STMicroelectronics.X-CUBE-AZRTOS-G4.2.0.0
2025-07-27 22:45:20,352 [WARN] PackLoader:240 - Cannot read IP mode file for STMicroelectronics.X-CUBE-NFC7.2.0.0
2025-07-27 22:45:20,354 [WARN] PackLoader:240 - Cannot read IP mode file for STMicroelectronics.X-CUBE-ISPU.2.0.0
2025-07-27 22:45:20,362 [WARN] PackLoader:240 - Cannot read IP mode file for STMicroelectronics.X-CUBE-IPS.3.1.0
2025-07-27 22:45:20,366 [WARN] PackLoader:240 - Cannot read IP mode file for STMicroelectronics.X-CUBE-ALS.1.0.2
2025-07-27 22:45:20,389 [WARN] PackLoader:240 - Cannot read IP mode file for STMicroelectronics.X-CUBE-MEMS1.10.0.0
2025-07-27 22:45:20,439 [WARN] PackLoader:240 - Cannot read IP mode file for STMicroelectronics.X-CUBE-TOUCHGFX.4.24.0
2025-07-27 22:45:20,441 [WARN] PackLoader:240 - Cannot read IP mode file for STMicroelectronics.X-CUBE-TOUCHGFX.4.24.2
2025-07-27 22:45:20,443 [WARN] PackLoader:240 - Cannot read IP mode file for STMicroelectronics.X-CUBE-TOUCHGFX.4.24.1
2025-07-27 22:45:20,446 [WARN] PackLoader:240 - Cannot read IP mode file for portGmbH.I-Cube-SoM-uGOAL.1.1.0
2025-07-27 22:45:20,448 [WARN] PackLoader:240 - Cannot read IP mode file for STMicroelectronics.X-CUBE-ALS.1.0.1
2025-07-27 22:45:20,455 [WARN] PackLoader:240 - Cannot read IP mode file for STMicroelectronics.X-CUBE-AZRTOS-H7RS.1.0.0
2025-07-27 22:45:20,459 [WARN] PackLoader:240 - Cannot read IP mode file for STMicroelectronics.FP-ATR-ASTRA1.2.0.0
2025-07-27 22:45:20,465 [WARN] PackLoader:240 - Cannot read IP mode file for STMicroelectronics.X-CUBE-TOF1.3.4.2
2025-07-27 22:45:20,473 [WARN] PackLoader:240 - Cannot read IP mode file for STMicroelectronics.X-CUBE-TOF1.3.4.3
2025-07-27 22:45:20,483 [WARN] PackLoader:240 - Cannot read IP mode file for STMicroelectronics.X-CUBE-TOF1.3.4.1
2025-07-27 22:45:20,500 [WARN] PackLoader:240 - Cannot read IP mode file for STMicroelectronics.X-CUBE-AZRTOS-H7.3.2.0
2025-07-27 22:45:20,508 [WARN] PackLoader:240 - Cannot read IP mode file for Infineon.AIROC-Wi-Fi-Bluetooth-STM32.1.6.0
2025-07-27 22:45:20,512 [WARN] PackLoader:240 - Cannot read IP mode file for wolfSSL.I-CUBE-wolfSSH.1.4.17
2025-07-27 22:45:20,513 [INFO] ThirdParty:978 - Integrity check success = true
2025-07-27 22:45:20,513 [INFO] IntegrityCheckThread:100 - exiting critical section [integrity check]
2025-07-27 22:45:20,513 [INFO] IntegrityCheckThread:103 - End integrity checks thread
2025-07-27 22:46:05,108 [ERROR] LogOutputStream:75 - [STDERR_REDIRECT] 
2025-07-27 22:46:13,360 [INFO] Activator:176 - 


2025-07-27 22:46:13,361 [INFO] Activator:177 - !SESSION log4j initialized
2025-07-27 22:46:15,157 [INFO] LogOutputStream:77 - [STDOUT_REDIRECT] 
2025-07-27 22:46:16,857 [INFO] ApplicationProperties:184 - Using Application install path: C:\ST\STM32CubeIDE_1.18.0\STM32CubeIDE\plugins\com.st.stm32cube.common.mx_6.15.0.202507011659
2025-07-27 22:46:16,867 [INFO] DbMcusXml:78 - Set database path to: C:\ST\STM32CubeIDE_1.18.0\STM32CubeIDE\plugins\com.st.stm32cube.common.mx_6.15.0.202507011659\\db\/mcu/
2025-07-27 22:46:16,867 [INFO] ApiDb:274 - Set plugin database path to: C:\ST\STM32CubeIDE_1.18.0\STM32CubeIDE\plugins\com.st.stm32cube.common.mx_6.15.0.202507011659\\db\/plugins/boardmanager/
2025-07-27 22:46:16,868 [WARN] ApiDb:259 - Overriding images path with different value:  => C:\ST\STM32CubeIDE_1.18.0\STM32CubeIDE\plugins\com.st.stm32cube.common.mx_6.15.0.202507011659\\db\/plugins/mcufinder/images/
2025-07-27 22:46:16,870 [INFO] ApiDb:250 - Set database path to: C:\Users\HTSANG\.stmcufinder\plugins\mcufinder//mcu/
2025-07-27 22:46:16,871 [INFO] DbMcusAds:125 - Set database path to: C:\Users\HTSANG\.stmcufinder\plugins\mcufinder//mcu/
2025-07-27 22:46:16,872 [INFO] CrossReferenceDbSqlite:203 - Set database path to: C:\Users\HTSANG\.stmcufinder\plugins\mcufinder//mcu/cs/
2025-07-27 22:46:16,963 [INFO] RulesReader:64 - Compatibility file has been processed (317 Rules)
2025-07-27 22:46:17,075 [INFO] DbMcusXml:78 - Set database path to: C:\ST\STM32CubeIDE_1.18.0\STM32CubeIDE\plugins\com.st.stm32cube.common.mx_6.15.0.202507011659\\db\/mcu/
2025-07-27 22:46:17,075 [INFO] ApiDb:274 - Set plugin database path to: C:\ST\STM32CubeIDE_1.18.0\STM32CubeIDE\plugins\com.st.stm32cube.common.mx_6.15.0.202507011659\\db\/plugins/boardmanager/
2025-07-27 22:46:17,075 [INFO] ApiDb:261 - Set plugin images path to: C:\ST\STM32CubeIDE_1.18.0\STM32CubeIDE\plugins\com.st.stm32cube.common.mx_6.15.0.202507011659\\db\/plugins/mcufinder/images/
2025-07-27 22:46:17,075 [WARN] DbFile:41 - Overriding database path with different value: C:\Users\HTSANG\.stmcufinder\plugins\mcufinder/ => C:\Users\HTSANG\.stmcufinder\plugins\mcufinder
2025-07-27 22:46:17,075 [INFO] ApiDb:250 - Set database path to: C:\Users\HTSANG\.stmcufinder\plugins\mcufinder//mcu/
2025-07-27 22:46:17,075 [WARN] DbFile:41 - Overriding database path with different value: C:\Users\HTSANG\.stmcufinder\plugins\mcufinder/ => C:\Users\HTSANG\.stmcufinder\plugins\mcufinder
2025-07-27 22:46:17,075 [INFO] DbMcusAds:125 - Set database path to: C:\Users\HTSANG\.stmcufinder\plugins\mcufinder//mcu/
2025-07-27 22:46:17,076 [WARN] DbFile:41 - Overriding database path with different value: C:\Users\HTSANG\.stmcufinder\plugins\mcufinder/ => C:\Users\HTSANG\.stmcufinder\plugins\mcufinder
2025-07-27 22:46:17,076 [WARN] DbFile:41 - Overriding database path with different value: C:\Users\HTSANG\.stmcufinder\plugins\mcufinder/ => C:\Users\HTSANG\.stmcufinder\plugins\mcufinder
2025-07-27 22:46:17,076 [INFO] CrossReferenceDbSqlite:203 - Set database path to: C:\Users\HTSANG\.stmcufinder\plugins\mcufinder//mcu/cs/
2025-07-27 22:46:17,120 [INFO] MainPanel:274 - HeapMemory: 268435456
2025-07-27 22:46:17,183 [INFO] DbMcusXml:78 - Set database path to: C:\ST\STM32CubeIDE_1.18.0\STM32CubeIDE\plugins\com.st.stm32cube.common.mx_6.15.0.202507011659\\db\/mcu/
2025-07-27 22:46:17,184 [INFO] ApiDb:274 - Set plugin database path to: C:\ST\STM32CubeIDE_1.18.0\STM32CubeIDE\plugins\com.st.stm32cube.common.mx_6.15.0.202507011659\\db\/plugins/boardmanager/
2025-07-27 22:46:17,184 [INFO] ApiDb:261 - Set plugin images path to: C:\ST\STM32CubeIDE_1.18.0\STM32CubeIDE\plugins\com.st.stm32cube.common.mx_6.15.0.202507011659\\db\/plugins/mcufinder/images/
2025-07-27 22:46:17,184 [WARN] DbFile:41 - Overriding database path with different value: C:\Users\HTSANG\.stmcufinder\plugins\mcufinder/ => C:\Users\HTSANG\.stmcufinder\plugins\mcufinder
2025-07-27 22:46:17,184 [INFO] ApiDb:250 - Set database path to: C:\Users\HTSANG\.stmcufinder\plugins\mcufinder//mcu/
2025-07-27 22:46:17,184 [WARN] DbFile:41 - Overriding database path with different value: C:\Users\HTSANG\.stmcufinder\plugins\mcufinder/ => C:\Users\HTSANG\.stmcufinder\plugins\mcufinder
2025-07-27 22:46:17,184 [INFO] DbMcusAds:125 - Set database path to: C:\Users\HTSANG\.stmcufinder\plugins\mcufinder//mcu/
2025-07-27 22:46:17,184 [WARN] DbFile:41 - Overriding database path with different value: C:\Users\HTSANG\.stmcufinder\plugins\mcufinder/ => C:\Users\HTSANG\.stmcufinder\plugins\mcufinder
2025-07-27 22:46:17,184 [WARN] DbFile:41 - Overriding database path with different value: C:\Users\HTSANG\.stmcufinder\plugins\mcufinder/ => C:\Users\HTSANG\.stmcufinder\plugins\mcufinder
2025-07-27 22:46:17,184 [INFO] CrossReferenceDbSqlite:203 - Set database path to: C:\Users\HTSANG\.stmcufinder\plugins\mcufinder//mcu/cs/
2025-07-27 22:46:17,194 [INFO] ApplicationProperties:184 - Using Application install path: C:\ST\STM32CubeIDE_1.18.0\STM32CubeIDE\plugins\com.st.stm32cube.common.mx_6.15.0.202507011659
2025-07-27 22:46:17,195 [INFO] PluginManage:196 - Search for loadable plugins [exclusion list=, ]
2025-07-27 22:46:17,196 [INFO] PluginManage:310 - Check plugin analytics
2025-07-27 22:46:17,317 [INFO] AnalyticsPlugin:253 - Accepted Software Licenses: 
2025-07-27 22:46:17,317 [INFO] AnalyticsPlugin:255 - Accepted CMSIS Pack Licenses: 
2025-07-27 22:46:17,317 [INFO] AnalyticsPlugin:257 - Accepted Firmware Licenses: FW.F4.1.28.0,FW.F7.1.17.0
2025-07-27 22:46:17,319 [INFO] PluginManage:359 - Loaded plugin analytics (category:tool,tabindex:-1)
2025-07-27 22:46:17,319 [INFO] PluginManage:310 - Check plugin cadmodel
2025-07-27 22:46:17,321 [INFO] CADModel:105 - Init CAD model plugin
2025-07-27 22:46:17,322 [INFO] PluginManage:359 - Loaded plugin cadmodel (category:power,tabindex:5)
2025-07-27 22:46:17,322 [INFO] PluginManage:310 - Check plugin clock
2025-07-27 22:46:17,327 [INFO] PluginManage:359 - Loaded plugin clock (category:base,tabindex:2)
2025-07-27 22:46:17,327 [INFO] PluginManage:310 - Check plugin ddr
2025-07-27 22:46:17,328 [INFO] PluginManage:359 - Loaded plugin ddr (category:tool,tabindex:6)
2025-07-27 22:46:17,328 [INFO] PluginManage:310 - Check plugin filemanager
2025-07-27 22:46:17,525 [INFO] PluginManage:359 - Loaded plugin filemanager (category:base,tabindex:10)
2025-07-27 22:46:17,525 [INFO] PluginManage:310 - Check plugin ipmanager
2025-07-27 22:46:17,531 [INFO] PluginManage:359 - Loaded plugin ipmanager (category:base,tabindex:5)
2025-07-27 22:46:17,531 [INFO] PluginManage:310 - Check plugin lpbam
2025-07-27 22:46:17,537 [INFO] PluginManage:359 - Loaded plugin lpbam (category:base,tabindex:0)
2025-07-27 22:46:17,537 [INFO] PluginManage:310 - Check plugin memorymap
2025-07-27 22:46:17,553 [INFO] PluginManage:359 - Loaded plugin memorymap (category:base,tabindex:4)
2025-07-27 22:46:17,553 [INFO] PluginManage:310 - Check plugin pinoutandconfiguration
2025-07-27 22:46:17,568 [INFO] PluginManage:359 - Loaded plugin pinoutandconfiguration (category:base,tabindex:1)
2025-07-27 22:46:17,569 [INFO] PluginManage:310 - Check plugin pinoutconfig
2025-07-27 22:46:17,748 [WARN] SupportedApi:132 - Cannot load RTOS API schema: s4s-elt-must-match.1: The content of 'definitions' must match (annotation?, (simpleType | complexType)?, (unique | key | keyref)*)). A problem was found starting at: attribute.
2025-07-27 22:46:17,855 [INFO] PluginManage:359 - Loaded plugin pinoutconfig (category:base,tabindex:0)
2025-07-27 22:46:17,855 [INFO] PluginManage:310 - Check plugin power
2025-07-27 22:46:17,862 [INFO] PluginManage:359 - Loaded plugin power (category:power,tabindex:4)
2025-07-27 22:46:17,862 [INFO] PluginManage:310 - Check plugin projectmanager
2025-07-27 22:46:17,875 [INFO] PluginManage:359 - Loaded plugin projectmanager (category:projectmanager,tabindex:4)
2025-07-27 22:46:17,875 [INFO] PluginManage:310 - Check plugin rif
2025-07-27 22:46:17,882 [INFO] PluginManage:359 - Loaded plugin rif (category:base,tabindex:3)
2025-07-27 22:46:17,882 [INFO] PluginManage:310 - Check plugin thirdparty
2025-07-27 22:46:17,974 [INFO] PluginManage:359 - Loaded plugin thirdparty (category:base,tabindex:-1)
2025-07-27 22:46:17,974 [INFO] PluginManage:310 - Check plugin tools
2025-07-27 22:46:17,974 [WARN] IntegrityCheckThread:84 - waiting for thirdparty lock release [integrity check]
2025-07-27 22:46:17,975 [INFO] IntegrityCheckThread:86 - entering critical section [integrity check]
2025-07-27 22:46:17,975 [INFO] ThirdPartyUpdaterWithRetryManager:70 - Updater plugin not ready yet. [1/15]
2025-07-27 22:46:17,976 [INFO] PluginManage:359 - Loaded plugin tools (category:base,tabindex:7)
2025-07-27 22:46:17,977 [INFO] PluginManage:310 - Check plugin tutovideos
2025-07-27 22:46:18,135 [INFO] PluginManage:359 - Loaded plugin tutovideos (category:base,tabindex:-1)
2025-07-27 22:46:18,135 [INFO] PluginManage:310 - Check plugin updater
2025-07-27 22:46:18,158 [INFO] PluginManage:359 - Loaded plugin updater (category:base,tabindex:12)
2025-07-27 22:46:18,158 [INFO] PluginManage:310 - Check plugin userauth
2025-07-27 22:46:18,165 [INFO] UserAuth:118 - Init User Auth plugin
2025-07-27 22:46:18,166 [INFO] PluginManage:359 - Loaded plugin userauth (category:base,tabindex:14)
2025-07-27 22:46:18,166 [INFO] PluginManage:283 - PluginManage : Loaded plugins [18]
2025-07-27 22:46:18,373 [INFO] PinOutPanel:1589 - setPackage(No Configuration,No Configuration)
2025-07-27 22:46:18,432 [INFO] CADModel:165 - CPN selected for project level
2025-07-27 22:46:18,432 [INFO] CADModel:114 - Register for checkConnection events
2025-07-27 22:46:18,447 [INFO] IPUIPlugin:80 - create IPUIPlugin
2025-07-27 22:46:18,447 [INFO] PluginManager:220 - loadIPPluginJar : add adc
2025-07-27 22:46:18,462 [INFO] IPUIPlugin:80 - create IPUIPlugin
2025-07-27 22:46:18,463 [INFO] PluginManager:220 - loadIPPluginJar : add aes
2025-07-27 22:46:18,470 [INFO] IPUIPlugin:80 - create IPUIPlugin
2025-07-27 22:46:18,470 [INFO] PluginManager:220 - loadIPPluginJar : add can
2025-07-27 22:46:18,472 [INFO] IPUIPlugin:80 - create IPUIPlugin
2025-07-27 22:46:18,472 [INFO] PluginManager:220 - loadIPPluginJar : add comp
2025-07-27 22:46:18,474 [INFO] IPUIPlugin:80 - create IPUIPlugin
2025-07-27 22:46:18,474 [INFO] PluginManager:220 - loadIPPluginJar : add cryp
2025-07-27 22:46:18,475 [INFO] IPUIPlugin:80 - create IPUIPlugin
2025-07-27 22:46:18,475 [INFO] PluginManager:220 - loadIPPluginJar : add ddr_ctrl_phy
2025-07-27 22:46:18,477 [INFO] IPUIPlugin:80 - create IPUIPlugin
2025-07-27 22:46:18,477 [INFO] PluginManager:220 - loadIPPluginJar : add dfsdm
2025-07-27 22:46:18,480 [INFO] IPUIPlugin:80 - create IPUIPlugin
2025-07-27 22:46:18,481 [INFO] PluginManager:220 - loadIPPluginJar : add dma
2025-07-27 22:46:18,482 [INFO] IPUIPlugin:80 - create IPUIPlugin
2025-07-27 22:46:18,482 [INFO] PluginManager:220 - loadIPPluginJar : add dma3
2025-07-27 22:46:18,484 [INFO] IPUIPlugin:80 - create IPUIPlugin
2025-07-27 22:46:18,484 [INFO] PluginManager:220 - loadIPPluginJar : add extmemmanager
2025-07-27 22:46:18,484 [INFO] IPUIPlugin:80 - create IPUIPlugin
2025-07-27 22:46:18,484 [INFO] PluginManager:220 - loadIPPluginJar : add fatfs
2025-07-27 22:46:18,487 [INFO] IPUIPlugin:80 - create IPUIPlugin
2025-07-27 22:46:18,487 [INFO] PluginManager:220 - loadIPPluginJar : add fmc
2025-07-27 22:46:18,493 [INFO] IPUIPlugin:80 - create IPUIPlugin
2025-07-27 22:46:18,493 [INFO] PluginManager:220 - loadIPPluginJar : add freertos
2025-07-27 22:46:18,494 [INFO] IPUIPlugin:80 - create IPUIPlugin
2025-07-27 22:46:18,494 [INFO] PluginManager:220 - loadIPPluginJar : add genericplugin
2025-07-27 22:46:18,496 [INFO] IPUIPlugin:80 - create IPUIPlugin
2025-07-27 22:46:18,496 [INFO] PluginManager:220 - loadIPPluginJar : add gfxmmu
2025-07-27 22:46:18,499 [INFO] IPUIPlugin:80 - create IPUIPlugin
2025-07-27 22:46:18,499 [INFO] PluginManager:220 - loadIPPluginJar : add gic
2025-07-27 22:46:18,502 [INFO] IPUIPlugin:80 - create IPUIPlugin
2025-07-27 22:46:18,502 [INFO] PluginManager:220 - loadIPPluginJar : add gpio
2025-07-27 22:46:18,504 [INFO] IPUIPlugin:80 - create IPUIPlugin
2025-07-27 22:46:18,504 [INFO] PluginManager:220 - loadIPPluginJar : add gtzc
2025-07-27 22:46:18,505 [INFO] IPUIPlugin:80 - create IPUIPlugin
2025-07-27 22:46:18,505 [INFO] PluginManager:220 - loadIPPluginJar : add hash
2025-07-27 22:46:18,507 [INFO] IPUIPlugin:80 - create IPUIPlugin
2025-07-27 22:46:18,507 [INFO] PluginManager:220 - loadIPPluginJar : add i2c
2025-07-27 22:46:18,508 [INFO] IPUIPlugin:80 - create IPUIPlugin
2025-07-27 22:46:18,508 [INFO] PluginManager:220 - loadIPPluginJar : add i2s
2025-07-27 22:46:18,510 [INFO] IPUIPlugin:80 - create IPUIPlugin
2025-07-27 22:46:18,510 [INFO] PluginManager:220 - loadIPPluginJar : add i3c
2025-07-27 22:46:18,512 [INFO] IPUIPlugin:80 - create IPUIPlugin
2025-07-27 22:46:18,512 [INFO] PluginManager:220 - loadIPPluginJar : add ipddr
2025-07-27 22:46:18,517 [INFO] IPUIPlugin:80 - create IPUIPlugin
2025-07-27 22:46:18,517 [INFO] PluginManager:220 - loadIPPluginJar : add linkedlist
2025-07-27 22:46:18,523 [INFO] IPUIPlugin:80 - create IPUIPlugin
2025-07-27 22:46:18,523 [INFO] PluginManager:220 - loadIPPluginJar : add lorawan
2025-07-27 22:46:18,524 [INFO] IPUIPlugin:80 - create IPUIPlugin
2025-07-27 22:46:18,524 [INFO] PluginManager:220 - loadIPPluginJar : add ltdc
2025-07-27 22:46:18,528 [INFO] IPUIPlugin:80 - create IPUIPlugin
2025-07-27 22:46:18,528 [INFO] PluginManager:220 - loadIPPluginJar : add mdma
2025-07-27 22:46:18,530 [INFO] IPUIPlugin:80 - create IPUIPlugin
2025-07-27 22:46:18,530 [INFO] PluginManager:220 - loadIPPluginJar : add nvic
2025-07-27 22:46:18,532 [INFO] IPUIPlugin:80 - create IPUIPlugin
2025-07-27 22:46:18,532 [INFO] PluginManager:220 - loadIPPluginJar : add opamp
2025-07-27 22:46:18,535 [INFO] IPUIPlugin:80 - create IPUIPlugin
2025-07-27 22:46:18,536 [INFO] PluginManager:220 - loadIPPluginJar : add openamp
2025-07-27 22:46:18,537 [INFO] IPUIPlugin:80 - create IPUIPlugin
2025-07-27 22:46:18,538 [INFO] PluginManager:220 - loadIPPluginJar : add pdm2pcm
2025-07-27 22:46:18,541 [INFO] IPUIPlugin:80 - create IPUIPlugin
2025-07-27 22:46:18,543 [INFO] PluginManager:220 - loadIPPluginJar : add plateformsettings
2025-07-27 22:46:18,544 [INFO] IPUIPlugin:80 - create IPUIPlugin
2025-07-27 22:46:18,544 [INFO] PluginManager:220 - loadIPPluginJar : add quadspi
2025-07-27 22:46:18,545 [INFO] IPUIPlugin:80 - create IPUIPlugin
2025-07-27 22:46:18,546 [INFO] PluginManager:220 - loadIPPluginJar : add radio
2025-07-27 22:46:18,548 [INFO] IPUIPlugin:80 - create IPUIPlugin
2025-07-27 22:46:18,548 [INFO] PluginManager:220 - loadIPPluginJar : add resmgrutility
2025-07-27 22:46:18,550 [INFO] IPUIPlugin:80 - create IPUIPlugin
2025-07-27 22:46:18,550 [INFO] PluginManager:220 - loadIPPluginJar : add sai
2025-07-27 22:46:18,552 [INFO] IPUIPlugin:80 - create IPUIPlugin
2025-07-27 22:46:18,552 [INFO] PluginManager:220 - loadIPPluginJar : add spi
2025-07-27 22:46:18,556 [INFO] IPUIPlugin:80 - create IPUIPlugin
2025-07-27 22:46:18,556 [INFO] PluginManager:220 - loadIPPluginJar : add stm32_wpan
2025-07-27 22:46:18,560 [INFO] IPUIPlugin:80 - create IPUIPlugin
2025-07-27 22:46:18,560 [INFO] PluginManager:220 - loadIPPluginJar : add tim
2025-07-27 22:46:18,564 [INFO] IPUIPlugin:80 - create IPUIPlugin
2025-07-27 22:46:18,564 [INFO] PluginManager:220 - loadIPPluginJar : add touchsensing
2025-07-27 22:46:18,566 [INFO] IPUIPlugin:80 - create IPUIPlugin
2025-07-27 22:46:18,566 [INFO] PluginManager:220 - loadIPPluginJar : add tracer_emb
2025-07-27 22:46:18,567 [INFO] IPUIPlugin:80 - create IPUIPlugin
2025-07-27 22:46:18,567 [INFO] PluginManager:220 - loadIPPluginJar : add ts
2025-07-27 22:46:18,568 [INFO] IPUIPlugin:80 - create IPUIPlugin
2025-07-27 22:46:18,569 [INFO] PluginManager:220 - loadIPPluginJar : add tsc
2025-07-27 22:46:18,572 [INFO] IPUIPlugin:80 - create IPUIPlugin
2025-07-27 22:46:18,572 [INFO] PluginManager:220 - loadIPPluginJar : add ucpd
2025-07-27 22:46:18,574 [INFO] IPUIPlugin:80 - create IPUIPlugin
2025-07-27 22:46:18,574 [INFO] PluginManager:220 - loadIPPluginJar : add usart
2025-07-27 22:46:18,576 [INFO] IPUIPlugin:80 - create IPUIPlugin
2025-07-27 22:46:18,577 [INFO] PluginManager:220 - loadIPPluginJar : add usbx
2025-07-27 22:46:18,710 [FATAL] Updater:351 - Updater called before beeing initialized
2025-07-27 22:46:18,729 [INFO] RulesReader:64 - Compatibility file has been processed (317 Rules)
2025-07-27 22:46:18,738 [INFO] RulesReader:64 - Compatibility file has been processed (317 Rules)
2025-07-27 22:46:18,752 [INFO] CADModel:165 - CPN selected for project level
2025-07-27 22:46:18,752 [INFO] CADModel:114 - Register for checkConnection events
2025-07-27 22:46:18,752 [FATAL] Updater:351 - Updater called before beeing initialized
2025-07-27 22:46:18,752 [ERROR] CADModel:125 - Updater not yet initialized, retry later 
2025-07-27 22:46:18,979 [FATAL] Updater:351 - Updater called before beeing initialized
2025-07-27 22:46:18,980 [INFO] CADModel:165 - CPN selected for project level
2025-07-27 22:46:18,980 [INFO] CADModel:114 - Register for checkConnection events
2025-07-27 22:46:18,980 [FATAL] Updater:351 - Updater called before beeing initialized
2025-07-27 22:46:18,980 [ERROR] CADModel:125 - Updater not yet initialized, retry later 
2025-07-27 22:46:18,982 [FATAL] Updater:351 - Updater called before beeing initialized
2025-07-27 22:46:19,157 [FATAL] Updater:351 - Updater called before beeing initialized
2025-07-27 22:46:19,161 [INFO] DbMcusAds:53 - JSON generation date=Thu Sep 30 13:55:09 ICT 2021 (1632984909247)
2025-07-27 22:46:19,161 [FATAL] Updater:351 - Updater called before beeing initialized
2025-07-27 22:46:19,185 [WARN] DetailPanel:346 - Failed to get advertising image, set to default
2025-07-27 22:46:19,265 [FATAL] Updater:351 - Updater called before beeing initialized
2025-07-27 22:46:19,267 [FATAL] Updater:351 - Updater called before beeing initialized
2025-07-27 22:46:19,267 [FATAL] Updater:351 - Updater called before beeing initialized
2025-07-27 22:46:19,268 [WARN] DetailPanel:346 - Failed to get advertising image, set to default
2025-07-27 22:46:19,268 [FATAL] Updater:351 - Updater called before beeing initialized
2025-07-27 22:46:19,313 [ERROR] Updater:1198 - MainUpdater not yet initialized. External WinMGr cannot be set.
2025-07-27 22:46:19,314 [INFO] Updater:1134 - Updater Version found : 6.15.0
2025-07-27 22:46:19,326 [INFO] ApplicationProperties:184 - Using Application install path: C:\ST\STM32CubeIDE_1.18.0\STM32CubeIDE\plugins\com.st.stm32cube.common.mx_6.15.0.202507011659
2025-07-27 22:46:19,892 [INFO] MainUpdater:2872 - connection check result : 10
2025-07-27 22:46:19,893 [INFO] MainUpdater:289 - Updater Check For Update Now.
2025-07-27 22:46:19,893 [INFO] MicroXplorer:498 - Change Database Version : DB.6.0.150
2025-07-27 22:46:19,900 [INFO] McuFinderGlobals:63 - Set McuFinder mode to 2 (CubeIDE integrated)
2025-07-27 22:46:19,900 [INFO] UserAuth:487 - Internet connection configuration mode: 1
2025-07-27 22:46:19,955 [INFO] JxBrowserEngine:152 - Initiate JxBrowser Engine with user profile folder
2025-07-27 22:46:20,122 [INFO] CheckServerUpdateThread:120 - End of CheckServer Thread
2025-07-27 22:46:20,663 [INFO] WebApp:169 - Instantiating new browser for Auth
2025-07-27 22:46:21,227 [WARN] PackLoader:240 - Cannot read IP mode file for STMicroelectronics.FP-SNS-MOTENVWB1.1.4.0
2025-07-27 22:46:21,238 [WARN] PackLoader:240 - Cannot read IP mode file for STMicroelectronics.FP-ATR-ASTRA1.2.0.2
2025-07-27 22:46:21,243 [WARN] PackLoader:240 - Cannot read IP mode file for STMicroelectronics.FP-ATR-ASTRA1.2.0.1
2025-07-27 22:46:21,252 [WARN] PackLoader:240 - Cannot read IP mode file for STMicroelectronics.X-CUBE-SMBUS.2.1.0
2025-07-27 22:46:21,261 [WARN] PackLoader:240 - Cannot read IP mode file for STMicroelectronics.X-CUBE-WB05N.1.1.0
2025-07-27 22:46:21,266 [WARN] PackLoader:240 - Cannot read IP mode file for STMicroelectronics.X-CUBE-ST60.1.0.0
2025-07-27 22:46:21,286 [WARN] PackLoader:240 - Cannot read IP mode file for STMicroelectronics.X-CUBE-TOUCHGFX.4.23.2
2025-07-27 22:46:21,338 [WARN] PackLoader:240 - Cannot read IP mode file for STMicroelectronics.X-CUBE-AZRTOS-F7.1.1.0
2025-07-27 22:46:21,415 [WARN] PackLoader:240 - Cannot read IP mode file for STMicroelectronics.X-CUBE-MEMS1.11.0.0
2025-07-27 22:46:21,701 [WARN] PackLoader:240 - Cannot read IP mode file for STMicroelectronics.FP-SNS-FLIGHT1.5.0.2
2025-07-27 22:46:21,717 [WARN] PackLoader:240 - Cannot read IP mode file for STMicroelectronics.X-CUBE-AZRTOS-H7.3.4.0
2025-07-27 22:46:21,726 [WARN] PackLoader:240 - Cannot read IP mode file for STMicroelectronics.X-CUBE-DISPLAY.3.0.0
2025-07-27 22:46:21,743 [WARN] PackLoader:240 - Cannot read IP mode file for STMicroelectronics.X-CUBE-BLE1.7.0.0
2025-07-27 22:46:21,769 [WARN] PackLoader:240 - Cannot read IP mode file for STMicroelectronics.X-CUBE-NFC10.1.0.0
2025-07-27 22:46:21,802 [WARN] PackLoader:240 - Cannot read IP mode file for STMicroelectronics.X-CUBE-BLEMGR.4.0.0
2025-07-27 22:46:21,846 [WARN] PackLoader:240 - Cannot read IP mode file for emotas.I-CUBE-CANOPEN.1.3.0
2025-07-27 22:46:21,866 [WARN] PackLoader:240 - Cannot read IP mode file for STMicroelectronics.X-CUBE-BLEMGR.3.1.0
2025-07-27 22:46:21,881 [WARN] PackLoader:240 - Cannot read IP mode file for STMicroelectronics.X-CUBE-AI.10.0.0
2025-07-27 22:46:21,900 [WARN] PackLoader:240 - Cannot read IP mode file for STMicroelectronics.FP-SNS-SMARTAG2.1.2.0
2025-07-27 22:46:21,984 [WARN] PackLoader:240 - Cannot read IP mode file for STMicroelectronics.FP-SNS-FLIGHT1.5.1.0
2025-07-27 22:46:22,146 [WARN] PackLoader:240 - Cannot read IP mode file for STMicroelectronics.X-CUBE-MEMS1.11.1.0
2025-07-27 22:46:22,154 [INFO] WebApp:463 - Apply proxy settings
2025-07-27 22:46:22,155 [INFO] WebApp:548 - Chromium requires no authentication
2025-07-27 22:46:22,178 [INFO] WebApp:491 - Direct internet connection detected
2025-07-27 22:46:22,253 [INFO] WebApp:900 - Register for checkConnection events
2025-07-27 22:46:22,254 [INFO] WebApp:463 - Apply proxy settings
2025-07-27 22:46:22,254 [INFO] WebApp:548 - Chromium requires no authentication
2025-07-27 22:46:22,255 [INFO] WebApp:491 - Direct internet connection detected
2025-07-27 22:46:22,360 [INFO] LogOutputStream:77 - [STDOUT_REDIRECT] 1 : Invalid condition id : UX_CORESTACK_Condition cause : null
2025-07-27 22:46:22,361 [INFO] LogOutputStream:77 - [STDOUT_REDIRECT] 1 : Invalid condition id : UX_CORESTACK_Condition cause : null
2025-07-27 22:46:22,363 [INFO] LogOutputStream:77 - [STDOUT_REDIRECT] 1 : Invalid condition id : UX_CORESTACK_Condition cause : null
2025-07-27 22:46:22,365 [INFO] LogOutputStream:77 - [STDOUT_REDIRECT] 1 : Invalid condition id : UX_CORESTACK_Condition cause : null
2025-07-27 22:46:22,366 [INFO] LogOutputStream:77 - [STDOUT_REDIRECT] 1 : Invalid condition id : UX_CORESTACK_Condition cause : null
2025-07-27 22:46:22,368 [WARN] PackLoader:240 - Cannot read IP mode file for STMicroelectronics.X-CUBE-AZRTOS-WL.2.0.0
2025-07-27 22:46:22,400 [WARN] PackLoader:240 - Cannot read IP mode file for STMicroelectronics.FP-SNS-MOTENV1.5.0.0
2025-07-27 22:46:22,407 [WARN] PackLoader:240 - Cannot read IP mode file for wolfSSL.I-CUBE-wolfMQTT.1.19.0
2025-07-27 22:46:22,414 [WARN] PackLoader:240 - Cannot read IP mode file for WES.I-CUBE-Cesium.1.3.0
2025-07-27 22:46:22,419 [WARN] PackLoader:240 - Cannot read IP mode file for STMicroelectronics.X-CUBE-BLE2.3.3.0
2025-07-27 22:46:22,426 [WARN] PackLoader:240 - Cannot read IP mode file for STMicroelectronics.X-CUBE-NFC9.1.0.0
2025-07-27 22:46:22,432 [WARN] PackLoader:240 - Cannot read IP mode file for STMicroelectronics.X-CUBE-BLE1.7.1.0
2025-07-27 22:46:22,440 [WARN] PackLoader:240 - Cannot read IP mode file for STMicroelectronics.X-CUBE-TCPP.4.1.0
2025-07-27 22:46:22,471 [WARN] PackLoader:240 - Cannot read IP mode file for STMicroelectronics.X-CUBE-EEPRMA1.5.2.0
2025-07-27 22:46:22,484 [WARN] PackLoader:240 - Cannot read IP mode file for STMicroelectronics.X-CUBE-AI.10.1.0
2025-07-27 22:46:22,527 [INFO] WebApp:191 - Connection restablished
2025-07-27 22:46:22,569 [WARN] PackLoader:240 - Cannot read IP mode file for STMicroelectronics.X-CUBE-MEMS1.11.2.0
2025-07-27 22:46:22,822 [WARN] PackLoader:240 - Cannot read IP mode file for STMicroelectronics.X-CUBE-AZRTOS-G0.1.1.0
2025-07-27 22:46:22,829 [WARN] PackLoader:240 - Cannot read IP mode file for STMicroelectronics.X-CUBE-SAFEA1.1.2.2
2025-07-27 22:46:22,836 [INFO] WebApp:225 - Starting web application
2025-07-27 22:46:22,836 [INFO] WebApp:593 - Web application path used C:\ST\STM32CubeIDE_1.18.0\STM32CubeIDE\plugins\com.st.stm32cube.common.mx_6.15.0.202507011659\db\plugins\mcufinder\reactClient1\index.html
2025-07-27 22:46:22,837 [WARN] PackLoader:240 - Cannot read IP mode file for STMicroelectronics.X-CUBE-NFC4.3.0.0
2025-07-27 22:46:22,847 [WARN] PackLoader:240 - Cannot read IP mode file for EmbeddedOffice.I-CUBE-FS-RTOS.1.0.1
2025-07-27 22:46:22,853 [WARN] PackLoader:240 - Cannot read IP mode file for STMicroelectronics.X-CUBE-WB05N.2.0.0
2025-07-27 22:46:22,859 [WARN] PackLoader:240 - Cannot read IP mode file for STMicroelectronics.X-CUBE-TCPP.4.2.0
2025-07-27 22:46:22,881 [WARN] PackLoader:240 - Cannot read IP mode file for RealThread.X-CUBE-RT-Thread_Nano.4.1.1
2025-07-27 22:46:22,903 [WARN] PackLoader:240 - Cannot read IP mode file for wolfSSL.I-CUBE-wolfSSL.5.7.0
2025-07-27 22:46:22,909 [WARN] PackLoader:240 - Cannot read IP mode file for STMicroelectronics.FP-ATR-SIGFOX1.3.2.0
2025-07-27 22:46:22,917 [WARN] ConditionMgr:438 - getConditionDescription Invalid condition id : Cortex-A Device cause : null
2025-07-27 22:46:22,934 [WARN] ConditionMgr:1044 - genDependencies : Invalid condition id : Cortex-A Device cause : null
2025-07-27 22:46:22,934 [WARN] ConditionMgr:1044 - genDependencies : Invalid condition id : Cortex-A Device cause : null
2025-07-27 22:46:22,934 [WARN] ConditionMgr:1044 - genDependencies : Invalid condition id : Cortex-A Device cause : null
2025-07-27 22:46:22,938 [WARN] PackLoader:240 - Cannot read IP mode file for STMicroelectronics.X-CUBE-EEPRMA1.5.1.0
2025-07-27 22:46:22,945 [WARN] PackLoader:240 - Cannot read IP mode file for ITTIA_DB.I-CUBE-ITTIADB.8.9.0
2025-07-27 22:46:22,951 [WARN] PackLoader:240 - Cannot read IP mode file for STMicroelectronics.X-CUBE-ST67W61.1.0.0
2025-07-27 22:46:23,008 [WARN] PackLoader:240 - Cannot read IP mode file for SEGGER.I-CUBE-embOS.1.3.1
2025-07-27 22:46:23,017 [INFO] UserAuth:487 - Internet connection configuration mode: 1
2025-07-27 22:46:23,067 [WARN] PackLoader:240 - Cannot read IP mode file for STMicroelectronics.X-CUBE-ALGOBUILD.1.4.0
2025-07-27 22:46:23,187 [WARN] PackLoader:240 - Cannot read IP mode file for STMicroelectronics.X-CUBE-MEMS1.11.3.0
2025-07-27 22:46:23,369 [WARN] PackLoader:240 - Cannot read IP mode file for STMicroelectronics.X-CUBE-AI.9.1.0
2025-07-27 22:46:23,374 [WARN] PackLoader:240 - Cannot read IP mode file for STMicroelectronics.X-CUBE-PM33A1.1.0.0
2025-07-27 22:46:23,380 [WARN] PackLoader:240 - Cannot read IP mode file for STMicroelectronics.X-CUBE-GNSS1.6.0.0
2025-07-27 22:46:23,429 [WARN] PackLoader:240 - Cannot read IP mode file for STMicroelectronics.X-CUBE-AZRTOS-F4.1.1.0
2025-07-27 22:46:23,438 [WARN] PackLoader:240 - Cannot read IP mode file for Avnet-IotConnect.X-CUBE-IoTC-DA16k-PMOD.1.0.0
2025-07-27 22:46:23,442 [WARN] PackLoader:240 - Cannot read IP mode file for STMicroelectronics.X-CUBE-ISPU.2.1.0
2025-07-27 22:46:23,446 [WARN] PackLoader:240 - Cannot read IP mode file for STMicroelectronics.X-CUBE-FREERTOS.1.2.0
2025-07-27 22:46:23,450 [WARN] PackLoader:240 - Cannot read IP mode file for STMicroelectronics.X-CUBE-NFC12.1.0.0
2025-07-27 22:46:23,459 [WARN] PackLoader:240 - Cannot read IP mode file for STMicroelectronics.X-CUBE-AZRTOS-L5.2.0.0
2025-07-27 22:46:23,475 [WARN] PackLoader:240 - Cannot read IP mode file for STMicroelectronics.X-CUBE-NFC6.3.1.0
2025-07-27 22:46:23,508 [WARN] PackLoader:240 - Cannot read IP mode file for STMicroelectronics.X-CUBE-DPower.1.2.0
2025-07-27 22:46:23,512 [WARN] PackLoader:240 - Cannot read IP mode file for STMicroelectronics.X-CUBE-AI.9.0.0
2025-07-27 22:46:23,515 [WARN] PackLoader:240 - Cannot read IP mode file for STMicroelectronics.X-CUBE-FREERTOS.1.3.1
2025-07-27 22:46:23,518 [WARN] PackLoader:240 - Cannot read IP mode file for STMicroelectronics.X-CUBE-FREERTOS.1.3.0
2025-07-27 22:46:23,524 [WARN] PackLoader:240 - Cannot read IP mode file for STMicroelectronics.X-CUBE-NFC7.1.0.1
2025-07-27 22:46:23,527 [WARN] PackLoader:240 - Cannot read IP mode file for wolfSSL.I-CUBE-wolfTPM.3.2.0
2025-07-27 22:46:23,530 [WARN] PackLoader:240 - Cannot read IP mode file for STMicroelectronics.FP-SNS-STAIOTCFT.1.0.0
2025-07-27 22:46:23,533 [WARN] PackLoader:240 - Cannot read IP mode file for STMicroelectronics.X-CUBE-DPower.1.3.0
2025-07-27 22:46:23,543 [WARN] ConditionMgr:438 - getConditionDescription Invalid condition id : LAN8742 Phy interface Condition cause : null
2025-07-27 22:46:23,544 [WARN] PackLoader:240 - Cannot read IP mode file for STMicroelectronics.X-CUBE-AZRTOS-L4.2.0.0
2025-07-27 22:46:23,545 [WARN] ConditionMgr:1044 - genDependencies : Invalid condition id : LAN8742 Phy interface Condition cause : null
2025-07-27 22:46:23,545 [WARN] ConditionMgr:1044 - genDependencies : Invalid condition id : LAN8742 Phy interface Condition cause : null
2025-07-27 22:46:23,545 [WARN] ConditionMgr:1044 - genDependencies : Invalid condition id : LAN8742 Phy interface Condition cause : null
2025-07-27 22:46:23,553 [WARN] PackLoader:240 - Cannot read IP mode file for STMicroelectronics.X-CUBE-SFXS2LP1.4.0.0
2025-07-27 22:46:23,596 [WARN] PackLoader:240 - Cannot read IP mode file for STMicroelectronics.X-CUBE-AZRTOS-H7.3.3.0
2025-07-27 22:46:23,605 [WARN] PackLoader:240 - Cannot read IP mode file for STMicroelectronics.X-CUBE-BLEMGR.4.1.0
2025-07-27 22:46:23,612 [WARN] PackLoader:240 - Cannot read IP mode file for STMicroelectronics.X-CUBE-IPS.3.0.0
2025-07-27 22:46:23,619 [WARN] ConditionMgr:438 - getConditionDescription Invalid condition id : UX DEVICE CLASS RTOS Condition cause : null
2025-07-27 22:46:23,620 [WARN] ConditionMgr:438 - getConditionDescription Invalid condition id : UX DEVICE CLASS RTOS Condition cause : null
2025-07-27 22:46:23,620 [WARN] PackLoader:240 - Cannot read IP mode file for STMicroelectronics.X-CUBE-AZRTOS-WB.2.0.0
2025-07-27 22:46:23,621 [WARN] ConditionMgr:1044 - genDependencies : Invalid condition id : UX DEVICE CLASS RTOS Condition cause : null
2025-07-27 22:46:23,621 [WARN] ConditionMgr:1044 - genDependencies : Invalid condition id : UX DEVICE CLASS RTOS Condition cause : null
2025-07-27 22:46:23,621 [WARN] ConditionMgr:1044 - genDependencies : Invalid condition id : UX DEVICE CLASS RTOS Condition cause : null
2025-07-27 22:46:23,621 [WARN] ConditionMgr:1044 - genDependencies : Invalid condition id : UX DEVICE CLASS RTOS Condition cause : null
2025-07-27 22:46:23,621 [WARN] ConditionMgr:1044 - genDependencies : Invalid condition id : UX DEVICE CLASS RTOS Condition cause : null
2025-07-27 22:46:23,626 [WARN] PackLoader:240 - Cannot read IP mode file for STMicroelectronics.X-CUBE-GNSS1.7.0.0
2025-07-27 22:46:23,632 [WARN] PackLoader:240 - Cannot read IP mode file for STMicroelectronics.X-CUBE-GNSS1.7.0.1
2025-07-27 22:46:23,636 [WARN] PackLoader:240 - Cannot read IP mode file for STMicroelectronics.X-CUBE-TOUCHGFX.4.25.0
2025-07-27 22:46:23,641 [WARN] PackLoader:240 - Cannot read IP mode file for STMicroelectronics.FP-SNS-STBOX1.2.0.0
2025-07-27 22:46:23,649 [WARN] PackLoader:240 - Cannot read IP mode file for STMicroelectronics.X-CUBE-SUBG2.5.0.0
2025-07-27 22:46:23,680 [WARN] PackLoader:240 - Cannot read IP mode file for STMicroelectronics.X-CUBE-AZRTOS-H7RS.1.1.0
2025-07-27 22:46:23,690 [WARN] PackLoader:240 - Cannot read IP mode file for STMicroelectronics.X-CUBE-AZRTOS-G4.2.0.0
2025-07-27 22:46:23,695 [WARN] PackLoader:240 - Cannot read IP mode file for STMicroelectronics.X-CUBE-NFC7.2.0.0
2025-07-27 22:46:23,701 [WARN] PackLoader:240 - Cannot read IP mode file for STMicroelectronics.X-CUBE-ISPU.2.0.0
2025-07-27 22:46:23,706 [WARN] PackLoader:240 - Cannot read IP mode file for STMicroelectronics.X-CUBE-IPS.3.1.0
2025-07-27 22:46:23,711 [WARN] PackLoader:240 - Cannot read IP mode file for STMicroelectronics.X-CUBE-ALS.1.0.2
2025-07-27 22:46:23,733 [WARN] PackLoader:240 - Cannot read IP mode file for STMicroelectronics.X-CUBE-MEMS1.10.0.0
2025-07-27 22:46:23,808 [WARN] PackLoader:240 - Cannot read IP mode file for STMicroelectronics.X-CUBE-TOUCHGFX.4.24.0
2025-07-27 22:46:23,810 [WARN] PackLoader:240 - Cannot read IP mode file for STMicroelectronics.X-CUBE-TOUCHGFX.4.24.2
2025-07-27 22:46:23,814 [WARN] PackLoader:240 - Cannot read IP mode file for STMicroelectronics.X-CUBE-TOUCHGFX.4.24.1
2025-07-27 22:46:23,817 [WARN] PackLoader:240 - Cannot read IP mode file for portGmbH.I-Cube-SoM-uGOAL.1.1.0
2025-07-27 22:46:23,820 [WARN] PackLoader:240 - Cannot read IP mode file for STMicroelectronics.X-CUBE-ALS.1.0.1
2025-07-27 22:46:23,830 [WARN] PackLoader:240 - Cannot read IP mode file for STMicroelectronics.X-CUBE-AZRTOS-H7RS.1.0.0
2025-07-27 22:46:23,834 [WARN] PackLoader:240 - Cannot read IP mode file for STMicroelectronics.FP-ATR-ASTRA1.2.0.0
2025-07-27 22:46:23,847 [WARN] PackLoader:240 - Cannot read IP mode file for STMicroelectronics.X-CUBE-TOF1.3.4.2
2025-07-27 22:46:23,876 [WARN] PackLoader:240 - Cannot read IP mode file for STMicroelectronics.X-CUBE-TOF1.3.4.3
2025-07-27 22:46:23,884 [WARN] PackLoader:240 - Cannot read IP mode file for STMicroelectronics.X-CUBE-TOF1.3.4.1
2025-07-27 22:46:23,899 [WARN] PackLoader:240 - Cannot read IP mode file for STMicroelectronics.X-CUBE-AZRTOS-H7.3.2.0
2025-07-27 22:46:23,912 [WARN] PackLoader:240 - Cannot read IP mode file for Infineon.AIROC-Wi-Fi-Bluetooth-STM32.1.6.0
2025-07-27 22:46:23,926 [WARN] PackLoader:240 - Cannot read IP mode file for wolfSSL.I-CUBE-wolfSSH.1.4.17
2025-07-27 22:46:23,928 [INFO] ThirdParty:978 - Integrity check success = true
2025-07-27 22:46:23,928 [INFO] IntegrityCheckThread:100 - exiting critical section [integrity check]
2025-07-27 22:46:23,929 [INFO] IntegrityCheckThread:103 - End integrity checks thread
2025-07-27 22:48:17,500 [ERROR] LogOutputStream:75 - [STDERR_REDIRECT] 
